This file contains any messages produced by compilers while
running configure, to aid debugging if configure makes a mistake.

It was created by xdx configure 2.4.2, which was
generated by GNU Autoconf 2.61.  Invocation command line was

  $ ./configure 

## --------- ##
## Platform. ##
## --------- ##

hostname = r500
uname -m = x86_64
uname -r = 3.2.0-4-amd64
uname -s = Linux
uname -v = #1 SMP Debian 3.2.46-1

/usr/bin/uname -p = unknown
/bin/uname -X     = unknown

/bin/arch              = unknown
/usr/bin/arch -k       = unknown
/usr/convex/getsysinfo = unknown
/usr/bin/hostinfo      = unknown
/bin/machine           = unknown
/usr/bin/oslevel       = unknown
/bin/universe          = unknown

PATH: /usr/local/sbin
PATH: /usr/local/bin
PATH: /usr/sbin
PATH: /usr/bin
PATH: /sbin
PATH: /bin


## ----------- ##
## Core tests. ##
## ----------- ##

configure:1823: checking for a BSD-compatible install
configure:1879: result: /usr/bin/install -c
configure:1890: checking whether build environment is sane
configure:1933: result: yes
configure:1998: checking for gawk
configure:2028: result: no
configure:1998: checking for mawk
configure:2014: found /usr/bin/mawk
configure:2025: result: mawk
configure:2036: checking whether make sets $(MAKE)
configure:2057: result: yes
configure:2241: checking whether to enable maintainer-specific portions of Makefiles
configure:2250: result: no
configure:2279: checking for a BSD-compatible install
configure:2335: result: /usr/bin/install -c
configure:2394: checking for gcc
configure:2410: found /usr/bin/gcc
configure:2421: result: gcc
configure:2659: checking for C compiler version
configure:2666: gcc --version >&5
gcc (Debian 4.7.2-5) 4.7.2
Copyright (C) 2012 Free Software Foundation, Inc.
This is free software; see the source for copying conditions.  There is NO
warranty; not even for MERCHANTABILITY or FITNESS FOR A PARTICULAR PURPOSE.

configure:2669: $? = 0
configure:2676: gcc -v >&5
Using built-in specs.
COLLECT_GCC=gcc
COLLECT_LTO_WRAPPER=/usr/lib/gcc/x86_64-linux-gnu/4.7/lto-wrapper
Target: x86_64-linux-gnu
Configured with: ../src/configure -v --with-pkgversion='Debian 4.7.2-5' --with-bugurl=file:///usr/share/doc/gcc-4.7/README.Bugs --enable-languages=c,c++,go,fortran,objc,obj-c++ --prefix=/usr --program-suffix=-4.7 --enable-shared --enable-linker-build-id --with-system-zlib --libexecdir=/usr/lib --without-included-gettext --enable-threads=posix --with-gxx-include-dir=/usr/include/c++/4.7 --libdir=/usr/lib --enable-nls --with-sysroot=/ --enable-clocale=gnu --enable-libstdcxx-debug --enable-libstdcxx-time=yes --enable-gnu-unique-object --enable-plugin --enable-objc-gc --with-arch-32=i586 --with-tune=generic --enable-checking=release --build=x86_64-linux-gnu --host=x86_64-linux-gnu --target=x86_64-linux-gnu
Thread model: posix
gcc version 4.7.2 (Debian 4.7.2-5) 
configure:2679: $? = 0
configure:2686: gcc -V >&5
gcc: error: unrecognized command line option '-V'
gcc: fatal error: no input files
compilation terminated.
configure:2689: $? = 4
configure:2712: checking for C compiler default output file name
configure:2739: gcc    conftest.c  >&5
configure:2742: $? = 0
configure:2780: result: a.out
configure:2797: checking whether the C compiler works
configure:2807: ./a.out
configure:2810: $? = 0
configure:2827: result: yes
configure:2834: checking whether we are cross compiling
configure:2836: result: no
configure:2839: checking for suffix of executables
configure:2846: gcc -o conftest    conftest.c  >&5
configure:2849: $? = 0
configure:2873: result: 
configure:2879: checking for suffix of object files
configure:2905: gcc -c   conftest.c >&5
configure:2908: $? = 0
configure:2931: result: o
configure:2935: checking whether we are using the GNU C compiler
configure:2964: gcc -c   conftest.c >&5
configure:2970: $? = 0
configure:2987: result: yes
configure:2992: checking whether gcc accepts -g
configure:3022: gcc -c -g  conftest.c >&5
configure:3028: $? = 0
configure:3127: result: yes
configure:3144: checking for gcc option to accept ISO C89
configure:3218: gcc  -c -g -O2  conftest.c >&5
configure:3224: $? = 0
configure:3247: result: none needed
configure:3276: checking for style of include used by make
configure:3304: result: GNU
configure:3332: checking dependency style of gcc
configure:3422: result: gcc3
configure:3449: checking for rpmbuild
configure:3479: result: no
configure:3505: checking whether NLS is requested
configure:3514: result: yes
configure:3552: checking for msgfmt
configure: trying /usr/bin/msgfmt...
0 translated messages.
configure:3584: result: /usr/bin/msgfmt
configure:3593: checking for gmsgfmt
configure:3624: result: /usr/bin/msgfmt
configure:3664: checking for xgettext
configure: trying /usr/bin/xgettext...
/usr/bin/xgettext: warning: file `/dev/null' extension `' is unknown; will try C
configure:3696: result: /usr/bin/xgettext
configure:3736: checking for msgmerge
configure: trying /usr/bin/msgmerge...
configure:3767: result: /usr/bin/msgmerge
configure:3824: checking build system type
configure:3842: result: x86_64-unknown-linux-gnu
configure:3864: checking host system type
configure:3879: result: x86_64-unknown-linux-gnu
configure:3925: checking for ld used by GCC
configure:3989: result: /usr/bin/ld
configure:3998: checking if the linker (/usr/bin/ld) is GNU ld
configure:4011: result: yes
configure:4018: checking for shared library run path origin
configure:4031: result: done
configure:4448: checking for CFPreferencesCopyAppValue
configure:4478: gcc -o conftest -g -O2  -I/System/Library/Frameworks/CoreFoundation.framework/Headers  conftest.c  -framework CoreFoundation >&5
gcc: error: unrecognized command line option '-framework'
gcc: error: CoreFoundation: No such file or directory
configure:4484: $? = 1
configure: failed program was:
| /* confdefs.h.  */
| #define PACKAGE_NAME "xdx"
| #define PACKAGE_TARNAME "xdx"
| #define PACKAGE_VERSION "2.4.2"
| #define PACKAGE_STRING "xdx 2.4.2"
| #define PACKAGE_BUGREPORT "pg4i@amsat.org"
| #define PACKAGE "xdx"
| #define VERSION "2.4.2"
| /* end confdefs.h.  */
| #include <CFPreferences.h>
| int
| main ()
| {
| CFPreferencesCopyAppValue(NULL, NULL)
|   ;
|   return 0;
| }
configure:4503: result: no
configure:4512: checking for CFLocaleCopyCurrent
configure:4542: gcc -o conftest -g -O2  -I/System/Library/Frameworks/CoreFoundation.framework/Headers  conftest.c  -framework CoreFoundation >&5
gcc: error: unrecognized command line option '-framework'
gcc: error: CoreFoundation: No such file or directory
configure:4548: $? = 1
configure: failed program was:
| /* confdefs.h.  */
| #define PACKAGE_NAME "xdx"
| #define PACKAGE_TARNAME "xdx"
| #define PACKAGE_VERSION "2.4.2"
| #define PACKAGE_STRING "xdx 2.4.2"
| #define PACKAGE_BUGREPORT "pg4i@amsat.org"
| #define PACKAGE "xdx"
| #define VERSION "2.4.2"
| /* end confdefs.h.  */
| #include <CFLocale.h>
| int
| main ()
| {
| CFLocaleCopyCurrent();
|   ;
|   return 0;
| }
configure:4567: result: no
configure:4584: checking whether NLS is requested
configure:4593: result: yes
configure:4611: checking for GNU gettext in libc
configure:4640: gcc -o conftest -g -O2   conftest.c  >&5
configure:4646: $? = 0
configure:4663: result: yes
configure:5361: checking whether to use NLS
configure:5363: result: yes
configure:5366: checking where the gettext function comes from
configure:5377: result: libc
configure:5451: checking for sys/wait.h that is POSIX.1 compatible
configure:5487: gcc -c -g -O2  conftest.c >&5
configure:5493: $? = 0
configure:5508: result: yes
configure:5523: checking how to run the C preprocessor
configure:5563: gcc -E  conftest.c
configure:5569: $? = 0
configure:5600: gcc -E  conftest.c
conftest.c:14:28: fatal error: ac_nonexistent.h: No such file or directory
compilation terminated.
configure:5606: $? = 1
configure: failed program was:
| /* confdefs.h.  */
| #define PACKAGE_NAME "xdx"
| #define PACKAGE_TARNAME "xdx"
| #define PACKAGE_VERSION "2.4.2"
| #define PACKAGE_STRING "xdx 2.4.2"
| #define PACKAGE_BUGREPORT "pg4i@amsat.org"
| #define PACKAGE "xdx"
| #define VERSION "2.4.2"
| #define ENABLE_NLS 1
| #define HAVE_GETTEXT 1
| #define HAVE_DCGETTEXT 1
| #define HAVE_SYS_WAIT_H 1
| /* end confdefs.h.  */
| #include <ac_nonexistent.h>
configure:5639: result: gcc -E
configure:5668: gcc -E  conftest.c
configure:5674: $? = 0
configure:5705: gcc -E  conftest.c
conftest.c:14:28: fatal error: ac_nonexistent.h: No such file or directory
compilation terminated.
configure:5711: $? = 1
configure: failed program was:
| /* confdefs.h.  */
| #define PACKAGE_NAME "xdx"
| #define PACKAGE_TARNAME "xdx"
| #define PACKAGE_VERSION "2.4.2"
| #define PACKAGE_STRING "xdx 2.4.2"
| #define PACKAGE_BUGREPORT "pg4i@amsat.org"
| #define PACKAGE "xdx"
| #define VERSION "2.4.2"
| #define ENABLE_NLS 1
| #define HAVE_GETTEXT 1
| #define HAVE_DCGETTEXT 1
| #define HAVE_SYS_WAIT_H 1
| /* end confdefs.h.  */
| #include <ac_nonexistent.h>
configure:5749: checking for grep that handles long lines and -e
configure:5823: result: /bin/grep
configure:5828: checking for egrep
configure:5906: result: /bin/grep -E
configure:5911: checking for ANSI C header files
configure:5941: gcc -c -g -O2  conftest.c >&5
configure:5947: $? = 0
configure:6046: gcc -o conftest -g -O2   conftest.c  >&5
configure:6049: $? = 0
configure:6055: ./conftest
configure:6058: $? = 0
configure:6075: result: yes
configure:6099: checking for sys/types.h
configure:6120: gcc -c -g -O2  conftest.c >&5
configure:6126: $? = 0
configure:6142: result: yes
configure:6099: checking for sys/stat.h
configure:6120: gcc -c -g -O2  conftest.c >&5
configure:6126: $? = 0
configure:6142: result: yes
configure:6099: checking for stdlib.h
configure:6120: gcc -c -g -O2  conftest.c >&5
configure:6126: $? = 0
configure:6142: result: yes
configure:6099: checking for string.h
configure:6120: gcc -c -g -O2  conftest.c >&5
configure:6126: $? = 0
configure:6142: result: yes
configure:6099: checking for memory.h
configure:6120: gcc -c -g -O2  conftest.c >&5
configure:6126: $? = 0
configure:6142: result: yes
configure:6099: checking for strings.h
configure:6120: gcc -c -g -O2  conftest.c >&5
configure:6126: $? = 0
configure:6142: result: yes
configure:6099: checking for inttypes.h
configure:6120: gcc -c -g -O2  conftest.c >&5
configure:6126: $? = 0
configure:6142: result: yes
configure:6099: checking for stdint.h
configure:6120: gcc -c -g -O2  conftest.c >&5
configure:6126: $? = 0
configure:6142: result: yes
configure:6099: checking for unistd.h
configure:6120: gcc -c -g -O2  conftest.c >&5
configure:6126: $? = 0
configure:6142: result: yes
configure:6175: checking arpa/inet.h usability
configure:6192: gcc -c -g -O2  conftest.c >&5
configure:6198: $? = 0
configure:6212: result: yes
configure:6216: checking arpa/inet.h presence
configure:6231: gcc -E  conftest.c
configure:6237: $? = 0
configure:6251: result: yes
configure:6284: checking for arpa/inet.h
configure:6292: result: yes
configure:6175: checking fcntl.h usability
configure:6192: gcc -c -g -O2  conftest.c >&5
configure:6198: $? = 0
configure:6212: result: yes
configure:6216: checking fcntl.h presence
configure:6231: gcc -E  conftest.c
configure:6237: $? = 0
configure:6251: result: yes
configure:6284: checking for fcntl.h
configure:6292: result: yes
configure:6175: checking libintl.h usability
configure:6192: gcc -c -g -O2  conftest.c >&5
configure:6198: $? = 0
configure:6212: result: yes
configure:6216: checking libintl.h presence
configure:6231: gcc -E  conftest.c
configure:6237: $? = 0
configure:6251: result: yes
configure:6284: checking for libintl.h
configure:6292: result: yes
configure:6175: checking netdb.h usability
configure:6192: gcc -c -g -O2  conftest.c >&5
configure:6198: $? = 0
configure:6212: result: yes
configure:6216: checking netdb.h presence
configure:6231: gcc -E  conftest.c
configure:6237: $? = 0
configure:6251: result: yes
configure:6284: checking for netdb.h
configure:6292: result: yes
configure:6175: checking netinet/in.h usability
configure:6192: gcc -c -g -O2  conftest.c >&5
configure:6198: $? = 0
configure:6212: result: yes
configure:6216: checking netinet/in.h presence
configure:6231: gcc -E  conftest.c
configure:6237: $? = 0
configure:6251: result: yes
configure:6284: checking for netinet/in.h
configure:6292: result: yes
configure:6165: checking for string.h
configure:6171: result: yes
configure:6175: checking sys/socket.h usability
configure:6192: gcc -c -g -O2  conftest.c >&5
configure:6198: $? = 0
configure:6212: result: yes
configure:6216: checking sys/socket.h presence
configure:6231: gcc -E  conftest.c
configure:6237: $? = 0
configure:6251: result: yes
configure:6284: checking for sys/socket.h
configure:6292: result: yes
configure:6307: checking for an ANSI C-conforming const
configure:6382: gcc -c -g -O2  conftest.c >&5
configure:6388: $? = 0
configure:6403: result: yes
configure:6415: checking for pid_t
configure:6445: gcc -c -g -O2  conftest.c >&5
configure:6451: $? = 0
configure:6466: result: yes
configure:6493: checking vfork.h usability
configure:6510: gcc -c -g -O2  conftest.c >&5
conftest.c:64:19: fatal error: vfork.h: No such file or directory
compilation terminated.
configure:6516: $? = 1
configure: failed program was:
| /* confdefs.h.  */
| #define PACKAGE_NAME "xdx"
| #define PACKAGE_TARNAME "xdx"
| #define PACKAGE_VERSION "2.4.2"
| #define PACKAGE_STRING "xdx 2.4.2"
| #define PACKAGE_BUGREPORT "pg4i@amsat.org"
| #define PACKAGE "xdx"
| #define VERSION "2.4.2"
| #define ENABLE_NLS 1
| #define HAVE_GETTEXT 1
| #define HAVE_DCGETTEXT 1
| #define HAVE_SYS_WAIT_H 1
| #define STDC_HEADERS 1
| #define HAVE_SYS_TYPES_H 1
| #define HAVE_SYS_STAT_H 1
| #define HAVE_STDLIB_H 1
| #define HAVE_STRING_H 1
| #define HAVE_MEMORY_H 1
| #define HAVE_STRINGS_H 1
| #define HAVE_INTTYPES_H 1
| #define HAVE_STDINT_H 1
| #define HAVE_UNISTD_H 1
| #define HAVE_ARPA_INET_H 1
| #define HAVE_FCNTL_H 1
| #define HAVE_LIBINTL_H 1
| #define HAVE_NETDB_H 1
| #define HAVE_NETINET_IN_H 1
| #define HAVE_STRING_H 1
| #define HAVE_SYS_SOCKET_H 1
| /* end confdefs.h.  */
| #include <stdio.h>
| #ifdef HAVE_SYS_TYPES_H
| # include <sys/types.h>
| #endif
| #ifdef HAVE_SYS_STAT_H
| # include <sys/stat.h>
| #endif
| #ifdef STDC_HEADERS
| # include <stdlib.h>
| # include <stddef.h>
| #else
| # ifdef HAVE_STDLIB_H
| #  include <stdlib.h>
| # endif
| #endif
| #ifdef HAVE_STRING_H
| # if !defined STDC_HEADERS && defined HAVE_MEMORY_H
| #  include <memory.h>
| # endif
| # include <string.h>
| #endif
| #ifdef HAVE_STRINGS_H
| # include <strings.h>
| #endif
| #ifdef HAVE_INTTYPES_H
| # include <inttypes.h>
| #endif
| #ifdef HAVE_STDINT_H
| # include <stdint.h>
| #endif
| #ifdef HAVE_UNISTD_H
| # include <unistd.h>
| #endif
| #include <vfork.h>
configure:6530: result: no
configure:6534: checking vfork.h presence
configure:6549: gcc -E  conftest.c
conftest.c:31:19: fatal error: vfork.h: No such file or directory
compilation terminated.
configure:6555: $? = 1
configure: failed program was:
| /* confdefs.h.  */
| #define PACKAGE_NAME "xdx"
| #define PACKAGE_TARNAME "xdx"
| #define PACKAGE_VERSION "2.4.2"
| #define PACKAGE_STRING "xdx 2.4.2"
| #define PACKAGE_BUGREPORT "pg4i@amsat.org"
| #define PACKAGE "xdx"
| #define VERSION "2.4.2"
| #define ENABLE_NLS 1
| #define HAVE_GETTEXT 1
| #define HAVE_DCGETTEXT 1
| #define HAVE_SYS_WAIT_H 1
| #define STDC_HEADERS 1
| #define HAVE_SYS_TYPES_H 1
| #define HAVE_SYS_STAT_H 1
| #define HAVE_STDLIB_H 1
| #define HAVE_STRING_H 1
| #define HAVE_MEMORY_H 1
| #define HAVE_STRINGS_H 1
| #define HAVE_INTTYPES_H 1
| #define HAVE_STDINT_H 1
| #define HAVE_UNISTD_H 1
| #define HAVE_ARPA_INET_H 1
| #define HAVE_FCNTL_H 1
| #define HAVE_LIBINTL_H 1
| #define HAVE_NETDB_H 1
| #define HAVE_NETINET_IN_H 1
| #define HAVE_STRING_H 1
| #define HAVE_SYS_SOCKET_H 1
| /* end confdefs.h.  */
| #include <vfork.h>
configure:6569: result: no
configure:6602: checking for vfork.h
configure:6610: result: no
configure:6628: checking for fork
configure:6684: gcc -o conftest -g -O2   conftest.c  >&5
conftest.c:54:6: warning: conflicting types for built-in function 'fork' [enabled by default]
configure:6690: $? = 0
configure:6708: result: yes
configure:6628: checking for vfork
configure:6684: gcc -o conftest -g -O2   conftest.c  >&5
configure:6690: $? = 0
configure:6708: result: yes
configure:6719: checking for working fork
configure:6751: gcc -o conftest -g -O2   conftest.c  >&5
configure:6754: $? = 0
configure:6760: ./conftest
configure:6763: $? = 0
configure:6779: result: yes
configure:6800: checking for working vfork
configure:6938: result: yes
configure:6969: checking return type of signal handlers
configure:6997: gcc -c -g -O2  conftest.c >&5
conftest.c: In function 'main':
conftest.c:41:1: error: void value not ignored as it ought to be
configure:7003: $? = 1
configure: failed program was:
| /* confdefs.h.  */
| #define PACKAGE_NAME "xdx"
| #define PACKAGE_TARNAME "xdx"
| #define PACKAGE_VERSION "2.4.2"
| #define PACKAGE_STRING "xdx 2.4.2"
| #define PACKAGE_BUGREPORT "pg4i@amsat.org"
| #define PACKAGE "xdx"
| #define VERSION "2.4.2"
| #define ENABLE_NLS 1
| #define HAVE_GETTEXT 1
| #define HAVE_DCGETTEXT 1
| #define HAVE_SYS_WAIT_H 1
| #define STDC_HEADERS 1
| #define HAVE_SYS_TYPES_H 1
| #define HAVE_SYS_STAT_H 1
| #define HAVE_STDLIB_H 1
| #define HAVE_STRING_H 1
| #define HAVE_MEMORY_H 1
| #define HAVE_STRINGS_H 1
| #define HAVE_INTTYPES_H 1
| #define HAVE_STDINT_H 1
| #define HAVE_UNISTD_H 1
| #define HAVE_ARPA_INET_H 1
| #define HAVE_FCNTL_H 1
| #define HAVE_LIBINTL_H 1
| #define HAVE_NETDB_H 1
| #define HAVE_NETINET_IN_H 1
| #define HAVE_STRING_H 1
| #define HAVE_SYS_SOCKET_H 1
| #define HAVE_FORK 1
| #define HAVE_VFORK 1
| #define HAVE_WORKING_VFORK 1
| #define HAVE_WORKING_FORK 1
| /* end confdefs.h.  */
| #include <sys/types.h>
| #include <signal.h>
| 
| int
| main ()
| {
| return *(signal (0, 0)) (0) == 1;
|   ;
|   return 0;
| }
configure:7018: result: void
configure:7026: checking whether lstat dereferences a symlink specified with a trailing slash
configure:7062: gcc -o conftest -g -O2   conftest.c  >&5
configure:7065: $? = 0
configure:7071: ./conftest
configure:7074: $? = 0
configure:7097: result: yes
configure:7116: checking whether stat accepts an empty string
configure:7146: gcc -o conftest -g -O2   conftest.c  >&5
configure:7149: $? = 0
configure:7155: ./conftest
configure:7158: $? = 0
configure:7174: result: no
configure:7204: checking for tzset
configure:7260: gcc -o conftest -g -O2   conftest.c  >&5
configure:7266: $? = 0
configure:7284: result: yes
configure:7204: checking for setlocale
configure:7260: gcc -o conftest -g -O2   conftest.c  >&5
configure:7266: $? = 0
configure:7284: result: yes
configure:7204: checking for putenv
configure:7260: gcc -o conftest -g -O2   conftest.c  >&5
configure:7266: $? = 0
configure:7284: result: yes
configure:7204: checking for alarm
configure:7260: gcc -o conftest -g -O2   conftest.c  >&5
configure:7266: $? = 0
configure:7284: result: yes
configure:7204: checking for bzero
configure:7260: gcc -o conftest -g -O2   conftest.c  >&5
conftest.c:64:6: warning: conflicting types for built-in function 'bzero' [enabled by default]
configure:7266: $? = 0
configure:7284: result: yes
configure:7204: checking for gethostbyname
configure:7260: gcc -o conftest -g -O2   conftest.c  >&5
configure:7266: $? = 0
configure:7284: result: yes
configure:7204: checking for inet_ntoa
configure:7260: gcc -o conftest -g -O2   conftest.c  >&5
configure:7266: $? = 0
configure:7284: result: yes
configure:7204: checking for memset
configure:7260: gcc -o conftest -g -O2   conftest.c  >&5
conftest.c:67:6: warning: conflicting types for built-in function 'memset' [enabled by default]
configure:7266: $? = 0
configure:7284: result: yes
configure:7204: checking for mkdir
configure:7260: gcc -o conftest -g -O2   conftest.c  >&5
configure:7266: $? = 0
configure:7284: result: yes
configure:7204: checking for socket
configure:7260: gcc -o conftest -g -O2   conftest.c  >&5
configure:7266: $? = 0
configure:7284: result: yes
configure:7204: checking for strerror
configure:7260: gcc -o conftest -g -O2   conftest.c  >&5
configure:7266: $? = 0
configure:7284: result: yes
configure:7298: checking for strftime
configure:7354: gcc -o conftest -g -O2   conftest.c  >&5
conftest.c:71:6: warning: conflicting types for built-in function 'strftime' [enabled by default]
configure:7360: $? = 0
configure:7378: result: yes
configure:7459: checking whether struct tm is in sys/time.h or time.h
configure:7489: gcc -c -g -O2  conftest.c >&5
configure:7495: $? = 0
configure:7510: result: time.h
configure:7574: checking for pkg-config
configure:7592: found /usr/bin/pkg-config
configure:7604: result: /usr/bin/pkg-config
configure:7633: checking pkg-config is at least version 0.9.0
configure:7636: result: yes
configure:7647: checking for GTK
configure:7655: $PKG_CONFIG --exists --print-errors "gtk+-2.0 >= 2.12.0"
configure:7658: $? = 0
configure:7673: $PKG_CONFIG --exists --print-errors "gtk+-2.0 >= 2.12.0"
configure:7676: $? = 0
configure:7752: result: yes
configure:7912: creating ./config.status

## ---------------------- ##
## Running config.status. ##
## ---------------------- ##

This file was extended by xdx config.status 2.4.2, which was
generated by GNU Autoconf 2.61.  Invocation command line was

  CONFIG_FILES    = 
  CONFIG_HEADERS  = 
  CONFIG_LINKS    = 
  CONFIG_COMMANDS = 
  $ ./config.status 

on r500

config.status:661: creating po/Makefile.in
config.status:661: creating xdx.1
config.status:661: creating xdx.spec
config.status:661: creating Makefile
config.status:661: creating src/Makefile
config.status:846: executing depfiles commands
config.status:846: executing default-1 commands

## ---------------- ##
## Cache variables. ##
## ---------------- ##

ac_cv_build=x86_64-unknown-linux-gnu
ac_cv_c_compiler_gnu=yes
ac_cv_c_const=yes
ac_cv_env_CC_set=
ac_cv_env_CC_value=
ac_cv_env_CFLAGS_set=
ac_cv_env_CFLAGS_value=
ac_cv_env_CPPFLAGS_set=
ac_cv_env_CPPFLAGS_value=
ac_cv_env_CPP_set=
ac_cv_env_CPP_value=
ac_cv_env_GTK_CFLAGS_set=
ac_cv_env_GTK_CFLAGS_value=
ac_cv_env_GTK_LIBS_set=
ac_cv_env_GTK_LIBS_value=
ac_cv_env_LDFLAGS_set=
ac_cv_env_LDFLAGS_value=
ac_cv_env_LIBS_set=
ac_cv_env_LIBS_value=
ac_cv_env_PKG_CONFIG_set=
ac_cv_env_PKG_CONFIG_value=
ac_cv_env_build_alias_set=
ac_cv_env_build_alias_value=
ac_cv_env_host_alias_set=
ac_cv_env_host_alias_value=
ac_cv_env_target_alias_set=
ac_cv_env_target_alias_value=
ac_cv_func_alarm=yes
ac_cv_func_bzero=yes
ac_cv_func_fork=yes
ac_cv_func_fork_works=yes
ac_cv_func_gethostbyname=yes
ac_cv_func_inet_ntoa=yes
ac_cv_func_lstat_dereferences_slashed_symlink=yes
ac_cv_func_memset=yes
ac_cv_func_mkdir=yes
ac_cv_func_putenv=yes
ac_cv_func_setlocale=yes
ac_cv_func_socket=yes
ac_cv_func_stat_empty_string_bug=no
ac_cv_func_strerror=yes
ac_cv_func_strftime=yes
ac_cv_func_tzset=yes
ac_cv_func_vfork=yes
ac_cv_func_vfork_works=yes
ac_cv_header_arpa_inet_h=yes
ac_cv_header_fcntl_h=yes
ac_cv_header_inttypes_h=yes
ac_cv_header_libintl_h=yes
ac_cv_header_memory_h=yes
ac_cv_header_netdb_h=yes
ac_cv_header_netinet_in_h=yes
ac_cv_header_stdc=yes
ac_cv_header_stdint_h=yes
ac_cv_header_stdlib_h=yes
ac_cv_header_string_h=yes
ac_cv_header_strings_h=yes
ac_cv_header_sys_socket_h=yes
ac_cv_header_sys_stat_h=yes
ac_cv_header_sys_types_h=yes
ac_cv_header_sys_wait_h=yes
ac_cv_header_unistd_h=yes
ac_cv_header_vfork_h=no
ac_cv_host=x86_64-unknown-linux-gnu
ac_cv_objext=o
ac_cv_path_EGREP='/bin/grep -E'
ac_cv_path_GMSGFMT=/usr/bin/msgfmt
ac_cv_path_GREP=/bin/grep
ac_cv_path_MSGFMT=/usr/bin/msgfmt
ac_cv_path_MSGMERGE=/usr/bin/msgmerge
ac_cv_path_XGETTEXT=/usr/bin/xgettext
ac_cv_path_ac_pt_PKG_CONFIG=/usr/bin/pkg-config
ac_cv_path_install='/usr/bin/install -c'
ac_cv_prog_AWK=mawk
ac_cv_prog_CPP='gcc -E'
ac_cv_prog_ac_ct_CC=gcc
ac_cv_prog_cc_c89=
ac_cv_prog_cc_g=yes
ac_cv_prog_make_make_set=yes
ac_cv_struct_tm=time.h
ac_cv_type_pid_t=yes
ac_cv_type_signal=void
acl_cv_hardcode_direct=no
acl_cv_hardcode_libdir_flag_spec='${wl}-rpath ${wl}$libdir'
acl_cv_hardcode_libdir_separator=
acl_cv_hardcode_minus_L=no
acl_cv_libext=a
acl_cv_path_LD=/usr/bin/ld
acl_cv_prog_gnu_ld=yes
acl_cv_rpath=done
acl_cv_shlibext=so
acl_cv_wl=-Wl,
am_cv_CC_dependencies_compiler_type=gcc3
gt_cv_func_CFLocaleCopyCurrent=no
gt_cv_func_CFPreferencesCopyAppValue=no
gt_cv_func_gnugettext1_libc=yes
pkg_cv_GTK_CFLAGS='-pthread -I/usr/include/gtk-2.0 -I/usr/lib/x86_64-linux-gnu/gtk-2.0/include -I/usr/include/atk-1.0 -I/usr/include/cairo -I/usr/include/gdk-pixbuf-2.0 -I/usr/include/pango-1.0 -I/usr/include/gio-unix-2.0/ -I/usr/include/glib-2.0 -I/usr/lib/x86_64-linux-gnu/glib-2.0/include -I/usr/include/pixman-1 -I/usr/include/freetype2 -I/usr/include/libpng12  '
pkg_cv_GTK_LIBS='-lgtk-x11-2.0 -lgdk-x11-2.0 -latk-1.0 -lgio-2.0 -lpangoft2-1.0 -lpangocairo-1.0 -lgdk_pixbuf-2.0 -lcairo -lpango-1.0 -lfreetype -lfontconfig -lgobject-2.0 -lglib-2.0  '

## ----------------- ##
## Output variables. ##
## ----------------- ##

ACLOCAL='${SHELL} /home/simon/workdir/xdx/xdx-2.4.2/missing --run aclocal-1.9'
AMDEPBACKSLASH='\'
AMDEP_FALSE='#'
AMDEP_TRUE=''
AMTAR='${SHELL} /home/simon/workdir/xdx/xdx-2.4.2/missing --run tar'
AUTOCONF='${SHELL} /home/simon/workdir/xdx/xdx-2.4.2/missing --run autoconf'
AUTOHEADER='${SHELL} /home/simon/workdir/xdx/xdx-2.4.2/missing --run autoheader'
AUTOMAKE='${SHELL} /home/simon/workdir/xdx/xdx-2.4.2/missing --run automake-1.9'
AWK='mawk'
CC='gcc'
CCDEPMODE='depmode=gcc3'
CFLAGS='-g -O2 -Wall'
CPP='gcc -E'
CPPFLAGS=''
CYGPATH_W='echo'
DEFS='-DPACKAGE_NAME=\"xdx\" -DPACKAGE_TARNAME=\"xdx\" -DPACKAGE_VERSION=\"2.4.2\" -DPACKAGE_STRING=\"xdx\ 2.4.2\" -DPACKAGE_BUGREPORT=\"pg4i@amsat.org\" -DPACKAGE=\"xdx\" -DVERSION=\"2.4.2\" -DENABLE_NLS=1 -DHAVE_GETTEXT=1 -DHAVE_DCGETTEXT=1 -DHAVE_SYS_WAIT_H=1 -DSTDC_HEADERS=1 -DHAVE_SYS_TYPES_H=1 -DHAVE_SYS_STAT_H=1 -DHAVE_STDLIB_H=1 -DHAVE_STRING_H=1 -DHAVE_MEMORY_H=1 -DHAVE_STRINGS_H=1 -DHAVE_INTTYPES_H=1 -DHAVE_STDINT_H=1 -DHAVE_UNISTD_H=1 -DHAVE_ARPA_INET_H=1 -DHAVE_FCNTL_H=1 -DHAVE_LIBINTL_H=1 -DHAVE_NETDB_H=1 -DHAVE_NETINET_IN_H=1 -DHAVE_STRING_H=1 -DHAVE_SYS_SOCKET_H=1 -DHAVE_FORK=1 -DHAVE_VFORK=1 -DHAVE_WORKING_VFORK=1 -DHAVE_WORKING_FORK=1 -DRETSIGTYPE=void -DLSTAT_FOLLOWS_SLASHED_SYMLINK=1 -DHAVE_TZSET=1 -DHAVE_SETLOCALE=1 -DHAVE_PUTENV=1 -DHAVE_ALARM=1 -DHAVE_BZERO=1 -DHAVE_GETHOSTBYNAME=1 -DHAVE_INET_NTOA=1 -DHAVE_MEMSET=1 -DHAVE_MKDIR=1 -DHAVE_SOCKET=1 -DHAVE_STRERROR=1 -DHAVE_STRFTIME=1'
DEPDIR='.deps'
ECHO_C=''
ECHO_N='-n'
ECHO_T=''
EGREP='/bin/grep -E'
EXEEXT=''
GMSGFMT='/usr/bin/msgfmt'
GREP='/bin/grep'
GTK_CFLAGS='-pthread -I/usr/include/gtk-2.0 -I/usr/lib/x86_64-linux-gnu/gtk-2.0/include -I/usr/include/atk-1.0 -I/usr/include/cairo -I/usr/include/gdk-pixbuf-2.0 -I/usr/include/pango-1.0 -I/usr/include/gio-unix-2.0/ -I/usr/include/glib-2.0 -I/usr/lib/x86_64-linux-gnu/glib-2.0/include -I/usr/include/pixman-1 -I/usr/include/freetype2 -I/usr/include/libpng12  '
GTK_LIBS='-lgtk-x11-2.0 -lgdk-x11-2.0 -latk-1.0 -lgio-2.0 -lpangoft2-1.0 -lpangocairo-1.0 -lgdk_pixbuf-2.0 -lcairo -lpango-1.0 -lfreetype -lfontconfig -lgobject-2.0 -lglib-2.0  '
INSTALL_DATA='${INSTALL} -m 644'
INSTALL_PROGRAM='${INSTALL}'
INSTALL_SCRIPT='${INSTALL}'
INSTALL_STRIP_PROGRAM='${SHELL} $(install_sh) -c -s'
INTLLIBS=''
INTL_MACOSX_LIBS=''
LDFLAGS=''
LIBICONV='-liconv'
LIBINTL=''
LIBOBJS=''
LIBS=''
LTLIBICONV='-liconv'
LTLIBINTL=''
LTLIBOBJS=''
MAINT='#'
MAINTAINER_MODE_FALSE=''
MAINTAINER_MODE_TRUE='#'
MAKEINFO='${SHELL} /home/simon/workdir/xdx/xdx-2.4.2/missing --run makeinfo'
MKINSTALLDIRS='$(top_builddir)/./mkinstalldirs'
MSGFMT='/usr/bin/msgfmt'
MSGMERGE='/usr/bin/msgmerge'
OBJEXT='o'
PACKAGE='xdx'
PACKAGE_BUGREPORT='pg4i@amsat.org'
PACKAGE_CFLAGS=''
PACKAGE_LIBS=''
PACKAGE_NAME='xdx'
PACKAGE_STRING='xdx 2.4.2'
PACKAGE_TARNAME='xdx'
PACKAGE_VERSION='2.4.2'
PATH_SEPARATOR=':'
PKG_CONFIG='/usr/bin/pkg-config'
POSUB='po'
RPMBUILD='rpm'
SET_MAKE=''
SHELL='/bin/bash'
STRIP=''
USE_NLS='yes'
VERSION='2.4.2'
XGETTEXT='/usr/bin/xgettext'
ac_ct_CC='gcc'
am__fastdepCC_FALSE='#'
am__fastdepCC_TRUE=''
am__include='include'
am__leading_dot='.'
am__quote=''
am__tar='${AMTAR} chof - "$$tardir"'
am__untar='${AMTAR} xf -'
bindir='${exec_prefix}/bin'
build='x86_64-unknown-linux-gnu'
build_alias=''
build_cpu='x86_64'
build_os='linux-gnu'
build_vendor='unknown'
datadir='${datarootdir}'
datarootdir='${prefix}/share'
docdir='${datarootdir}/doc/${PACKAGE_TARNAME}'
dvidir='${docdir}'
exec_prefix='${prefix}'
host='x86_64-unknown-linux-gnu'
host_alias=''
host_cpu='x86_64'
host_os='linux-gnu'
host_vendor='unknown'
htmldir='${docdir}'
includedir='${prefix}/include'
infodir='${datarootdir}/info'
install_sh='/home/simon/workdir/xdx/xdx-2.4.2/install-sh'
libdir='${exec_prefix}/lib'
libexecdir='${exec_prefix}/libexec'
localedir='${datarootdir}/locale'
localstatedir='${prefix}/var'
mandir='${datarootdir}/man'
mkdir_p='mkdir -p --'
oldincludedir='/usr/include'
pdfdir='${docdir}'
prefix='/usr/local'
program_transform_name='s,x,x,'
psdir='${docdir}'
sbindir='${exec_prefix}/sbin'
sharedstatedir='${prefix}/com'
sysconfdir='${prefix}/etc'
target_alias=''

## ----------- ##
## confdefs.h. ##
## ----------- ##

#define PACKAGE_NAME "xdx"
#define PACKAGE_TARNAME "xdx"
#define PACKAGE_VERSION "2.4.2"
#define PACKAGE_STRING "xdx 2.4.2"
#define PACKAGE_BUGREPORT "pg4i@amsat.org"
#define PACKAGE "xdx"
#define VERSION "2.4.2"
#define ENABLE_NLS 1
#define HAVE_GETTEXT 1
#define HAVE_DCGETTEXT 1
#define HAVE_SYS_WAIT_H 1
#define STDC_HEADERS 1
#define HAVE_SYS_TYPES_H 1
#define HAVE_SYS_STAT_H 1
#define HAVE_STDLIB_H 1
#define HAVE_STRING_H 1
#define HAVE_MEMORY_H 1
#define HAVE_STRINGS_H 1
#define HAVE_INTTYPES_H 1
#define HAVE_STDINT_H 1
#define HAVE_UNISTD_H 1
#define HAVE_ARPA_INET_H 1
#define HAVE_FCNTL_H 1
#define HAVE_LIBINTL_H 1
#define HAVE_NETDB_H 1
#define HAVE_NETINET_IN_H 1
#define HAVE_STRING_H 1
#define HAVE_SYS_SOCKET_H 1
#define HAVE_FORK 1
#define HAVE_VFORK 1
#define HAVE_WORKING_VFORK 1
#define HAVE_WORKING_FORK 1
#define RETSIGTYPE void
#define LSTAT_FOLLOWS_SLASHED_SYMLINK 1
#define HAVE_TZSET 1
#define HAVE_SETLOCALE 1
#define HAVE_PUTENV 1
#define HAVE_ALARM 1
#define HAVE_BZERO 1
#define HAVE_GETHOSTBYNAME 1
#define HAVE_INET_NTOA 1
#define HAVE_MEMSET 1
#define HAVE_MKDIR 1
#define HAVE_SOCKET 1
#define HAVE_STRERROR 1
#define HAVE_STRFTIME 1

configure: exit 0
